<?xml version="1.0" encoding="UTF-8"?>
<!-- Generated by org.testng.reporters.JUnitXMLReporter -->
<testsuite hostname="DESKTOP-NNGTS9F" ignored="0" name="Test" tests="5" failures="0" timestamp="30 May 2018 18:07:41 GMT" time="0.085" errors="0">
  <testcase name="IosApps" time="0.015" classname="notsofilmy.AppiumTest"/>
  <testcase name="BrowserAitomation" time="0.018" classname="notsofilmy.SeleniumTest"/>
  <testcase name="ElementsUI" time="0.001" classname="notsofilmy.SeleniumTest"/>
  <testcase name="DeleteTwitter" time="0.0" classname="notsofilmy.RESTAPITest"/>
  <testcase name="Postjira" time="0.016" classname="notsofilmy.RESTAPITest"/>
</testsuite> <!-- Test -->
