<?xml version="1.0" encoding="UTF-8"?>
<!-- Generated by org.testng.reporters.JUnitXMLReporter -->
<testsuite hostname="DESKTOP-NNGTS9F" name="Test" tests="6" failures="0" timestamp="3 Jun 2018 19:26:00 GMT" time="0.071" errors="0">
  <testcase name="IosApps" time="0.012" classname="notsofilmy.AppiumTest"/>
  <testcase name="NativeAppsAnroid" time="0.0" classname="notsofilmy.AppiumTest"/>
  <testcase name="BrowserAitomation" time="0.0" classname="notsofilmy.SeleniumTest"/>
  <testcase name="ElementsUI" time="0.001" classname="notsofilmy.SeleniumTest"/>
  <testcase name="DeleteTwitter" time="0.001" classname="notsofilmy.RESTAPITest"/>
  <testcase name="Postjira" time="0.001" classname="notsofilmy.RESTAPITest"/>
</testsuite> <!-- Test -->
