<?xml version="1.0" encoding="UTF-8"?>
<testng-results skipped="0" failed="0" total="6" passed="6">
  <reporter-output>
  </reporter-output>
  <suite name="Suite" duration-ms="71" started-at="2018-06-03T19:26:00Z" finished-at="2018-06-03T19:26:00Z">
    <groups>
    </groups>
    <test name="Test" duration-ms="71" started-at="2018-06-03T19:26:00Z" finished-at="2018-06-03T19:26:00Z">
      <class name="notsofilmy.SeleniumTest">
        <test-method status="PASS" signature="BrowserAitomation()[pri:0, instance:notsofilmy.SeleniumTest@69d9c55]" name="BrowserAitomation" duration-ms="0" started-at="2018-06-04T00:56:00Z" finished-at="2018-06-04T00:56:00Z">
          <reporter-output>
          </reporter-output>
        </test-method> <!-- BrowserAitomation -->
        <test-method status="PASS" signature="ElementsUI()[pri:0, instance:notsofilmy.SeleniumTest@69d9c55]" name="ElementsUI" duration-ms="1" started-at="2018-06-04T00:56:00Z" finished-at="2018-06-04T00:56:00Z">
          <reporter-output>
          </reporter-output>
        </test-method> <!-- ElementsUI -->
      </class> <!-- notsofilmy.SeleniumTest -->
      <class name="notsofilmy.RESTAPITest">
        <test-method status="PASS" signature="DeleteTwitter()[pri:0, instance:notsofilmy.RESTAPITest@13a57a3b]" name="DeleteTwitter" duration-ms="1" started-at="2018-06-04T00:56:00Z" finished-at="2018-06-04T00:56:00Z">
          <reporter-output>
          </reporter-output>
        </test-method> <!-- DeleteTwitter -->
        <test-method status="PASS" signature="Postjira()[pri:0, instance:notsofilmy.RESTAPITest@13a57a3b]" name="Postjira" duration-ms="1" started-at="2018-06-04T00:56:00Z" finished-at="2018-06-04T00:56:00Z">
          <reporter-output>
          </reporter-output>
        </test-method> <!-- Postjira -->
      </class> <!-- notsofilmy.RESTAPITest -->
      <class name="notsofilmy.AppiumTest">
        <test-method status="PASS" signature="IosApps()[pri:0, instance:notsofilmy.AppiumTest@26f67b76]" name="IosApps" duration-ms="12" started-at="2018-06-04T00:56:00Z" finished-at="2018-06-04T00:56:00Z">
          <reporter-output>
          </reporter-output>
        </test-method> <!-- IosApps -->
        <test-method status="PASS" signature="NativeAppsAnroid()[pri:0, instance:notsofilmy.AppiumTest@26f67b76]" name="NativeAppsAnroid" duration-ms="0" started-at="2018-06-04T00:56:00Z" finished-at="2018-06-04T00:56:00Z">
          <reporter-output>
          </reporter-output>
        </test-method> <!-- NativeAppsAnroid -->
      </class> <!-- notsofilmy.AppiumTest -->
    </test> <!-- Test -->
  </suite> <!-- Suite -->
</testng-results>
